<?xml version="1.0" encoding="UTF-8"?>
<testsuite name="com.hihoall.controller.ForTestTest" time="0.003" tests="1" errors="0" skipped="0" failures="1">
  <properties>
[...]
</properties>
  <testcase name="test" classname="com.hihoall.controller.ForTestTest" time="0.003">
    <failure message="expected:&lt;privet[zxcvj]&gt; but was:&lt;privet[]&gt;" type="org.junit.ComparisonFailure"><![CDATA[org.junit.ComparisonFailure: expected:<privet[zxcvj]> but was:<privet[]>
	at org.junit.Assert.assertEquals(Assert.java:115)
	at org.junit.Assert.assertEquals(Assert.java:144)
	at com.hihoall.controller.ForTestTest.test(ForTestTest.java:16)
]]></failure>
  </testcase>
</testsuite>